<?xml version="1.0" encoding="UTF-8"?>
<testng-results skipped="0" failed="0" total="1" passed="1">
  <reporter-output>
  </reporter-output>
  <suite name="Tests" duration-ms="8261" started-at="2014-08-21T14:48:31Z" finished-at="2014-08-21T14:48:39Z">
    <groups>
    </groups>
    <test name="Test1" duration-ms="8261" started-at="2014-08-21T14:48:31Z" finished-at="2014-08-21T14:48:39Z">
      <class name="google.biz.tests.Test1">
        <test-method status="PASS" signature="initTestSuite()[pri:0, instance:google.biz.tests.Test1@13c78c0b]" name="initTestSuite" is-config="true" duration-ms="27" started-at="2014-08-21T17:48:31Z" finished-at="2014-08-21T17:48:31Z">
          <reporter-output>
          </reporter-output>
        </test-method> <!-- initTestSuite -->
        <test-method status="PASS" signature="initWebDriver()[pri:0, instance:google.biz.tests.Test1@13c78c0b]" name="initWebDriver" is-config="true" duration-ms="3593" started-at="2014-08-21T17:48:31Z" finished-at="2014-08-21T17:48:34Z">
          <reporter-output>
          </reporter-output>
        </test-method> <!-- initWebDriver -->
        <test-method status="PASS" signature="testUntitled()[pri:0, instance:google.biz.tests.Test1@13c78c0b]" name="testUntitled" duration-ms="4656" started-at="2014-08-21T17:48:34Z" finished-at="2014-08-21T17:48:39Z">
          <reporter-output>
          </reporter-output>
        </test-method> <!-- testUntitled -->
      </class> <!-- google.biz.tests.Test1 -->
    </test> <!-- Test1 -->
  </suite> <!-- Tests -->
</testng-results>
